Started at Thu Jun 02 21:09:59 UTC 2022
Processing job1-build-deploy-and-check-availability
Offering job1-build-deploy-and-check-availability to Project Build Discarder
Finished at Thu Jun 02 21:09:59 UTC 2022. 13ms
Started at Thu Jun 02 22:09:59 UTC 2022
Processing job1-build-deploy-and-check-availability
Offering job1-build-deploy-and-check-availability to Project Build Discarder
Finished at Thu Jun 02 22:09:59 UTC 2022. 1ms
Started at Thu Jun 02 23:09:59 UTC 2022
Processing job1-build-deploy-and-check-availability
Offering job1-build-deploy-and-check-availability to Project Build Discarder
Finished at Thu Jun 02 23:09:59 UTC 2022. 29ms
Started at Fri Jun 03 00:09:59 UTC 2022
Processing job1-build-deploy-and-check-availability
Offering job1-build-deploy-and-check-availability to Project Build Discarder
Finished at Fri Jun 03 00:09:59 UTC 2022. 1ms
Started at Fri Jun 03 01:09:59 UTC 2022
Processing job1-build-deploy-and-check-availability
Offering job1-build-deploy-and-check-availability to Project Build Discarder
Finished at Fri Jun 03 01:09:59 UTC 2022. 0ms
Started at Fri Jun 03 02:09:59 UTC 2022
Processing job1-build-deploy-and-check-availability
Offering job1-build-deploy-and-check-availability to Project Build Discarder
Finished at Fri Jun 03 02:09:59 UTC 2022. 0ms
